<?xml version="1.0" encoding="UTF-8"?>
<!-- Generated by org.testng.reporters.JUnitXMLReporter -->
<testsuite ignored="0" hostname="DESKTOP-Q0UG114" failures="0" tests="23" name="Surefire test" time="770.622" errors="0" timestamp="15 Oct. 2022 14:15:37 GMT">
  <testcase classname="tests.CompanyPageTest" name="CompanyPageTitleTest" time="0.018"/>
  <testcase classname="tests.ContactsPageTest" name="contactsPageTitleTest" time="0.014"/>
  <testcase classname="tests.HomePageTest" name="homePageTitleTest" time="0.028"/>
  <testcase classname="tests.LoginPageTest" name="loginPageTitleTest" time="0.006"/>
  <testcase classname="tests.CompanyPageTest" name="CompanyPageLogoTest" time="0.141"/>
  <testcase classname="tests.ContactsPageTest" name="contactsPageLogoTest" time="0.068"/>
  <testcase classname="tests.HomePageTest" name="uTestLogoTest" time="0.074"/>
  <testcase classname="tests.LoginPageTest" name="uTestLogoTest" time="0.497"/>
  <testcase classname="tests.CompanyPageTest" name="addCompanyButtonTest" time="11.677"/>
  <testcase classname="tests.ContactsPageTest" name="addContactButtonTest" time="1.469"/>
  <testcase classname="tests.HomePageTest" name="clickOnCOntacsLinkTest" time="2.346"/>
  <testcase classname="tests.LoginPageTest" name="loginTest" time="4.11"/>
  <testcase classname="tests.CompanyPageTest" name="createNewCompanyTest" time="20.238"/>
  <testcase classname="tests.CompanyPageTest" name="createNewCompanyTest" time="10.933"/>
  <testcase classname="tests.CompanyPageTest" name="createNewCompanyTest" time="10.278"/>
  <testcase classname="tests.ContactsPageTest" name="createNewContactTest" time="7.046"/>
  <testcase classname="tests.ContactsPageTest" name="createNewContactTest" time="15.818"/>
  <testcase classname="tests.ContactsPageTest" name="createNewContactTest" time="14.847"/>
  <testcase classname="tests.ContactsPageTest" name="createNewContactTest" time="14.428"/>
  <testcase classname="tests.CompanyPageTest" name="deleteCompanyTest" time="10.264"/>
  <testcase classname="tests.ContactsPageTest" name="deleteContactTest" time="10.165"/>
  <testcase classname="tests.CompanyPageTest" name="deleteAllCompanyTest" time="10.235"/>
  <testcase classname="tests.ContactsPageTest" name="deleteAllContactTest" time="10.187"/>
</testsuite> <!-- Surefire test -->
