<?xml version="1.0" encoding="UTF-8"?>
<testsuite xmlns:xsi="http://www.w3.org/2001/XMLSchema-instance" xsi:noNamespaceSchemaLocation="https://maven.apache.org/surefire/maven-surefire-plugin/xsd/surefire-test-report.xsd" name="TestSuite" time="772.334" tests="23" errors="0" skipped="0" failures="0">
  <properties>
[...]
</properties>
  <testcase name="CompanyPageTitleTest" classname="tests.CompanyPageTest" time="0.021"/>
  <testcase name="contactsPageTitleTest" classname="tests.ContactsPageTest" time="0.015"/>
  <testcase name="homePageTitleTest" classname="tests.HomePageTest" time="0.028"/>
  <testcase name="loginPageTitleTest" classname="tests.LoginPageTest" time="0.005"/>
  <testcase name="CompanyPageLogoTest" classname="tests.CompanyPageTest" time="0.137"/>
  <testcase name="contactsPageLogoTest" classname="tests.ContactsPageTest" time="0.068"/>
  <testcase name="uTestLogoTest" classname="tests.HomePageTest" time="0.072"/>
  <testcase name="uTestLogoTest" classname="tests.LoginPageTest" time="0.499"/>
  <testcase name="addCompanyButtonTest" classname="tests.CompanyPageTest" time="11.679"/>
  <testcase name="addContactButtonTest" classname="tests.ContactsPageTest" time="1.466"/>
  <testcase name="clickOnCOntacsLinkTest" classname="tests.HomePageTest" time="2.345"/>
  <testcase name="loginTest" classname="tests.LoginPageTest" time="4.113"/>
  <testcase name="createNewCompanyTest" classname="tests.CompanyPageTest" time="20.239"/>
  <testcase name="createNewCompanyTest" classname="tests.CompanyPageTest" time="10.933"/>
  <testcase name="createNewCompanyTest" classname="tests.CompanyPageTest" time="10.278"/>
  <testcase name="createNewContactTest" classname="tests.ContactsPageTest" time="7.047"/>
  <testcase name="createNewContactTest" classname="tests.ContactsPageTest" time="15.817"/>
  <testcase name="createNewContactTest" classname="tests.ContactsPageTest" time="14.847"/>
  <testcase name="createNewContactTest" classname="tests.ContactsPageTest" time="14.428"/>
  <testcase name="deleteCompanyTest" classname="tests.CompanyPageTest" time="10.263"/>
  <testcase name="deleteContactTest" classname="tests.ContactsPageTest" time="10.165"/>
  <testcase name="deleteAllCompanyTest" classname="tests.CompanyPageTest" time="10.234"/>
  <testcase name="deleteAllContactTest" classname="tests.ContactsPageTest" time="10.187"/>
</testsuite>